[debug] [2022-10-09T11:56:14.687Z] ----------------------------------------------------------------------
[debug] [2022-10-09T11:56:14.690Z] Command:       C:\Program Files\nodejs\node.exe C:\Users\jhy_0\AppData\Roaming\npm\node_modules\firebase-tools\lib\bin\firebase.js init
[debug] [2022-10-09T11:56:14.691Z] CLI Version:   11.14.1
[debug] [2022-10-09T11:56:14.691Z] Platform:      win32
[debug] [2022-10-09T11:56:14.691Z] Node Version:  v16.17.0
[debug] [2022-10-09T11:56:14.693Z] Time:          Sun Oct 09 2022 20:56:14 GMT+0900 (대한민국 표준시)
[debug] [2022-10-09T11:56:14.693Z] ----------------------------------------------------------------------
[debug] 
[debug] [2022-10-09T11:56:14.702Z] > command requires scopes: ["email","openid","https://www.googleapis.com/auth/cloudplatformprojects.readonly","https://www.googleapis.com/auth/firebase","https://www.googleapis.com/auth/cloud-platform"]
[debug] [2022-10-09T11:56:14.703Z] > authorizing via signed-in user (sarahinjeju@gmail.com)
[info] 
     ######## #### ########  ######## ########     ###     ######  ########
     ##        ##  ##     ## ##       ##     ##  ##   ##  ##       ##
     ######    ##  ########  ######   ########  #########  ######  ######
     ##        ##  ##    ##  ##       ##     ## ##     ##       ## ##
     ##       #### ##     ## ######## ########  ##     ##  ######  ########

You're about to initialize a Firebase project in this directory:

  C:\Users\jhy_0\NewEarth

[info] 
=== Project Setup
[info] 
[info] First, let's associate this project directory with a Firebase project.
[info] You can create multiple project aliases by running firebase use --add, 
[info] but for now we'll just set up a default project.
[info] 
[debug] [2022-10-09T12:09:09.090Z] >>> [apiv2][query] GET https://firebase.googleapis.com/v1beta1/projects pageSize=100
[debug] [2022-10-09T12:09:09.847Z] <<< [apiv2][status] GET https://firebase.googleapis.com/v1beta1/projects 200
[debug] [2022-10-09T12:09:09.848Z] <<< [apiv2][body] GET https://firebase.googleapis.com/v1beta1/projects [omitted]
[info] i  Using project newearth-53c7f (NewEarth) 
[info] 
=== Database Setup
[info] i  database: ensuring required API firebasedatabase.googleapis.com is enabled... 
[debug] [2022-10-09T12:09:24.965Z] >>> [apiv2][query] GET https://serviceusage.googleapis.com/v1/projects/newearth-53c7f/services/firebasedatabase.googleapis.com [none]
[debug] [2022-10-09T12:09:24.965Z] >>> [apiv2][(partial)header] GET https://serviceusage.googleapis.com/v1/projects/newearth-53c7f/services/firebasedatabase.googleapis.com x-goog-quota-user=projects/newearth-53c7f
[debug] [2022-10-09T12:09:26.331Z] <<< [apiv2][status] GET https://serviceusage.googleapis.com/v1/projects/newearth-53c7f/services/firebasedatabase.googleapis.com 200
[debug] [2022-10-09T12:09:26.332Z] <<< [apiv2][body] GET https://serviceusage.googleapis.com/v1/projects/newearth-53c7f/services/firebasedatabase.googleapis.com [omitted]
[warn] !  database: missing required API firebasedatabase.googleapis.com. Enabling now... 
[debug] [2022-10-09T12:09:26.334Z] >>> [apiv2][query] POST https://serviceusage.googleapis.com/v1/projects/newearth-53c7f/services/firebasedatabase.googleapis.com:enable [none]
[debug] [2022-10-09T12:09:26.334Z] >>> [apiv2][(partial)header] POST https://serviceusage.googleapis.com/v1/projects/newearth-53c7f/services/firebasedatabase.googleapis.com:enable x-goog-quota-user=projects/newearth-53c7f
[debug] [2022-10-09T12:09:27.859Z] <<< [apiv2][status] POST https://serviceusage.googleapis.com/v1/projects/newearth-53c7f/services/firebasedatabase.googleapis.com:enable 200
[debug] [2022-10-09T12:09:27.860Z] <<< [apiv2][body] POST https://serviceusage.googleapis.com/v1/projects/newearth-53c7f/services/firebasedatabase.googleapis.com:enable [omitted]
[debug] [2022-10-09T12:09:37.862Z] >>> [apiv2][query] GET https://serviceusage.googleapis.com/v1/projects/newearth-53c7f/services/firebasedatabase.googleapis.com [none]
[debug] [2022-10-09T12:09:37.862Z] >>> [apiv2][(partial)header] GET https://serviceusage.googleapis.com/v1/projects/newearth-53c7f/services/firebasedatabase.googleapis.com x-goog-quota-user=projects/newearth-53c7f
[debug] [2022-10-09T12:09:39.124Z] <<< [apiv2][status] GET https://serviceusage.googleapis.com/v1/projects/newearth-53c7f/services/firebasedatabase.googleapis.com 200
[debug] [2022-10-09T12:09:39.124Z] <<< [apiv2][body] GET https://serviceusage.googleapis.com/v1/projects/newearth-53c7f/services/firebasedatabase.googleapis.com [omitted]
[info] +  database: required API firebasedatabase.googleapis.com is enabled 
[info] 
[debug] [2022-10-09T12:09:39.133Z] >>> [apiv2][query] GET https://firebase.googleapis.com/v1beta1/projects/newearth-53c7f [none]
[debug] [2022-10-09T12:09:39.670Z] <<< [apiv2][status] GET https://firebase.googleapis.com/v1beta1/projects/newearth-53c7f 200
[debug] [2022-10-09T12:09:39.670Z] <<< [apiv2][body] GET https://firebase.googleapis.com/v1beta1/projects/newearth-53c7f {"projectId":"newearth-53c7f","projectNumber":"66430526425","displayName":"NewEarth","name":"projects/newearth-53c7f","resources":{"hostingSite":"newearth-53c7f"},"state":"ACTIVE","etag":"1_315c3018-f543-49d4-be29-08b2c83598e5"}
[debug] [2022-10-09T12:10:12.779Z] >>> [apiv2][query] POST https://firebasedatabase.googleapis.com/v1beta/projects/newearth-53c7f/locations/asia-southeast1/instances databaseId=newearth-53c7f-default-rtdb&validateOnly=true
[debug] [2022-10-09T12:10:12.779Z] >>> [apiv2][body] POST https://firebasedatabase.googleapis.com/v1beta/projects/newearth-53c7f/locations/asia-southeast1/instances {"type":"default_database"}
[debug] [2022-10-09T12:10:13.941Z] <<< [apiv2][status] POST https://firebasedatabase.googleapis.com/v1beta/projects/newearth-53c7f/locations/asia-southeast1/instances 200
[debug] [2022-10-09T12:10:13.941Z] <<< [apiv2][body] POST https://firebasedatabase.googleapis.com/v1beta/projects/newearth-53c7f/locations/asia-southeast1/instances {"name":"projects/66430526425/locations/asia-southeast1/instances/newearth-53c7f-default-rtdb","project":"projects/66430526425","databaseUrl":"https://newearth-53c7f-default-rtdb.asia-southeast1.firebasedatabase.app","type":"DEFAULT_DATABASE","state":"ACTIVE"}
[debug] [2022-10-09T12:10:13.945Z] >>> [apiv2][query] POST https://firebasedatabase.googleapis.com/v1beta/projects/newearth-53c7f/locations/asia-southeast1/instances databaseId=newearth-53c7f-default-rtdb
[debug] [2022-10-09T12:10:13.946Z] >>> [apiv2][body] POST https://firebasedatabase.googleapis.com/v1beta/projects/newearth-53c7f/locations/asia-southeast1/instances {"type":"default_database"}
[debug] [2022-10-09T12:10:15.301Z] <<< [apiv2][status] POST https://firebasedatabase.googleapis.com/v1beta/projects/newearth-53c7f/locations/asia-southeast1/instances 200
[debug] [2022-10-09T12:10:15.301Z] <<< [apiv2][body] POST https://firebasedatabase.googleapis.com/v1beta/projects/newearth-53c7f/locations/asia-southeast1/instances {"name":"projects/66430526425/locations/asia-southeast1/instances/newearth-53c7f-default-rtdb","project":"projects/66430526425","databaseUrl":"https://newearth-53c7f-default-rtdb.asia-southeast1.firebasedatabase.app","type":"DEFAULT_DATABASE","state":"ACTIVE"}
[info] 
[info] Firebase Realtime Database Security Rules allow you to define how your data should be
[info] structured and when your data can be read from and written to.
[info] 
[debug] [2022-10-09T12:10:58.725Z] >>> [apiv2][query] GET https://newearth-53c7f-default-rtdb.asia-southeast1.firebasedatabase.app/.settings/rules.json [none]
[debug] [2022-10-09T12:11:00.735Z] <<< [apiv2][status] GET https://newearth-53c7f-default-rtdb.asia-southeast1.firebasedatabase.app/.settings/rules.json 200
